Compiling INSERT-PROCEDURE trigger on RH_T_EMPLOYEE data block...
   No compilation errors.

Compiling UPDATE-PROCEDURE trigger on RH_T_EMPLOYEE data block...
   No compilation errors.

Compiling LOCK-PROCEDURE trigger on RH_T_EMPLOYEE data block...
   No compilation errors.

Compiling INSERT-PROCEDURE trigger on RH_T_SALARY data block...
   No compilation errors.

Compiling UPDATE-PROCEDURE trigger on RH_T_SALARY data block...
   No compilation errors.

Compiling LOCK-PROCEDURE trigger on RH_T_SALARY data block...
   No compilation errors.

Compiling DELETE-PROCEDURE trigger on RH_T_SALARY data block...
   No compilation errors.

Compiling INSERT-PROCEDURE trigger on RH_T_BENEFLEX data block...
   No compilation errors.

Compiling UPDATE-PROCEDURE trigger on RH_T_BENEFLEX data block...
   No compilation errors.

Compiling LOCK-PROCEDURE trigger on RH_T_BENEFLEX data block...
   No compilation errors.

Compiling DELETE-PROCEDURE trigger on RH_T_BENEFLEX data block...
   No compilation errors.

Compiling INSERT-PROCEDURE trigger on RH_T_SOCIAL_SECURITY data block...
   No compilation errors.

Compiling UPDATE-PROCEDURE trigger on RH_T_SOCIAL_SECURITY data block...
   No compilation errors.

Compiling LOCK-PROCEDURE trigger on RH_T_SOCIAL_SECURITY data block...
   No compilation errors.

Compiling DELETE-PROCEDURE trigger on RH_T_SOCIAL_SECURITY data block...
   No compilation errors.


Created form file R:\RightHandCS\RH_FMB_PERSON.fmx
